akiplaner-20110929-qug.tgz
Anniepoo-20140308-fcp.tgz
Bahoke-20130721-qpx.tgz
Dcoetzee-20110429-hsi.tgz
FrozenFire-20080827-bnh.tgz
glenton-20090924-apc.tgz
JohanLingen-20080302-hwq.tgz
lindavg-20081007-adc.tgz
mikethecoach-20111106-brd.tgz
paddy-20080911-abh.tgz
rortiz-20100209-ioj.tgz
scottlacysalley-20080825-bbl.tgz
topherfangio-20080604-dgk.tgz
unbridledrage-20090106-bvx.tgz
farmerjack-20080918-els.tgz
akiplaner-20091214-ozt.tgz
Anniepoo-20140308-hns.tgz
Bahoke-20130721-sjx.tgz
Dcoetzee-20110429-vmo.tgz
FrozenFire-20080827-yeq.tgz
glenton-20091002-npj.tgz
JohanLingen-20080306-xvq.tgz
lindavg-20081007-wyi.tgz
mikethecoach-20111106-zrj.tgz
paddy-20080911-xuz.tgz
rortiz-20100209-orz.tgz
scottlacysalley-20080825-whg.tgz
topherfangio-20080604-xmp.tgz
unbridledrage-20090106-zzt.tgz
farmerjack-20080918-eiy.tgz

